<?xml version="1.0" encoding="UTF-8"?>
<!-- Generated by org.testng.reporters.JUnitReportReporter -->
<testsuite hostname="PRAKASH-V" failures="0" tests="3" name="com.test.TestPage" time="1.843" errors="0" timestamp="2024-09-25T15:07:14 IST" skipped="0">
  <testcase classname="com.test.TestPage" name="personaldetails" time="0.987"/>
  <system-out/>
  <testcase classname="com.test.TestPage" name="logindetails" time="0.317"/>
  <system-out/>
  <testcase classname="com.test.TestPage" name="register" time="0.539"/>
  <system-out/>
</testsuite> <!-- com.test.TestPage -->
