<?xml version="1.0" encoding="UTF-8"?>
<!-- Generated by org.testng.reporters.JUnitReportReporter -->
<testsuite hostname="PRAKASH-V" failures="0" tests="1" name="testNGDemo.AnnotationsDemo" time="0.009" errors="0" timestamp="2024-09-02T11:42:37 IST" skipped="0">
  <testcase classname="testNGDemo.AnnotationsDemo" name="second" time="0.009"/>
  <system-out/>
</testsuite> <!-- testNGDemo.AnnotationsDemo -->
