<?xml version="1.0" encoding="UTF-8"?>
<!-- Generated by org.testng.reporters.JUnitReportReporter -->
<testsuite hostname="PRAKASH-V" failures="0" tests="1" name="testNGDemo.ExcelReader" time="0.521" errors="0" timestamp="2024-09-19T15:43:46 IST" skipped="0">
  <testcase classname="testNGDemo.ExcelReader" name="xlsx" time="0.521"/>
  <system-out/>
</testsuite> <!-- testNGDemo.ExcelReader -->
