<?xml version="1.0" encoding="UTF-8"?>
<!-- Generated by org.testng.reporters.JUnitReportReporter -->
<testsuite hostname="PRAKASH-V" failures="0" tests="2" name="testNGDemo.DataDrivenDemo" time="7.882" errors="0" timestamp="2024-08-30T15:13:32 IST" skipped="0">
  <testcase classname="testNGDemo.DataDrivenDemo" name="web1" time="6.849"/>
  <system-out/>
  <testcase classname="testNGDemo.DataDrivenDemo" name="web2" time="1.033"/>
  <system-out/>
</testsuite> <!-- testNGDemo.DataDrivenDemo -->
