<?xml version="1.0" encoding="UTF-8"?>
<!-- Generated by org.testng.reporters.JUnitReportReporter -->
<testsuite hostname="PRAKASH-V" failures="0" tests="1" name="testNGDemo.PropertyDemo" time="0.010" errors="0" timestamp="2024-09-16T14:38:12 IST" skipped="0">
  <testcase classname="testNGDemo.PropertyDemo" name="file" time="0.010"/>
  <system-out/>
</testsuite> <!-- testNGDemo.PropertyDemo -->
