<?xml version="1.0" encoding="UTF-8"?>
<!-- Generated by org.testng.reporters.JUnitReportReporter -->
<testsuite hostname="PRAKASH-V" failures="0" tests="3" name="testNGDemo.DataProviderDemo" time="7.923" errors="0" timestamp="2024-08-30T15:14:30 IST" skipped="0">
  <testcase classname="testNGDemo.DataProviderDemo" name="web3" time="6.805"/>
  <system-out/>
  <testcase classname="testNGDemo.DataProviderDemo" name="web4" time="0.324"/>
  <system-out/>
  <testcase classname="testNGDemo.DataProviderDemo" name="web4" time="0.794"/>
  <system-out/>
</testsuite> <!-- testNGDemo.DataProviderDemo -->
